<?xml version="1.0" encoding="UTF-8"?>
<!-- Generated by org.testng.reporters.JUnitReportReporter -->
<testsuite skipped="0" hostname="IND-RAHULK" name="testngdemo.FirstTestNGScript" tests="3" failures="0" timestamp="11 Sep 2019 10:30:26 GMT" time="0.007" errors="0">
  <testcase name="LoginApp" time="0.004" classname="testngdemo.FirstTestNGScript"/>
  <testcase name="SelectItems" time="0.002" classname="testngdemo.FirstTestNGScript"/>
  <testcase name="CheckOut" time="0.001" classname="testngdemo.FirstTestNGScript"/>
</testsuite> <!-- testngdemo.FirstTestNGScript -->
