<?xml version="1.0" encoding="UTF-8"?>
<!-- Generated by org.testng.reporters.JUnitReportReporter -->
<testsuite hostname="QMP8078FC" name="org.testcases.PersonalLoanBrandedTest" tests="1" failures="0" timestamp="13 May 2019 23:30:18 GMT" time="93.484" errors="0">
  <testcase name="Desktop1a" time="93.484" classname="org.testcases.PersonalLoanBrandedTest"/>
</testsuite> <!-- org.testcases.PersonalLoanBrandedTest -->
