<?xml version="1.0" encoding="UTF-8"?>
<!-- Generated by org.testng.reporters.JUnitReportReporter -->
<testsuite skipped="0" hostname="QMP8078FC" name="org.testcases.PersonalloansTest" tests="2" failures="0" timestamp="18 Jun 2019 13:43:02 GMT" time="306.112" errors="0">
  <testcase name="Desktop" time="107.415" classname="org.testcases.PersonalloansTest"/>
  <testcase name="Mobile" time="198.697" classname="org.testcases.PersonalloansTest"/>
</testsuite> <!-- org.testcases.PersonalloansTest -->
