<?xml version="1.0" encoding="UTF-8"?>
<!-- Generated by org.testng.reporters.JUnitReportReporter -->
<testsuite hostname="QMP8078FC" name="org.testcases.Test1" tests="1" failures="0" timestamp="25 Apr 2019 16:38:27 GMT" time="224.803" errors="0">
  <testcase name="Testcase1b" time="224.803" classname="org.testcases.Test1"/>
</testsuite> <!-- org.testcases.Test1 -->
