<?xml version="1.0" encoding="UTF-8"?>
<!-- Generated by org.testng.reporters.JUnitReportReporter -->
<testsuite skipped="0" hostname="QMP8078FC" name="org.testcases.CreditsesameTest" tests="2" failures="0" timestamp="18 Jun 2019 13:43:02 GMT" time="314.466" errors="0">
  <testcase name="Mobile" time="200.164" classname="org.testcases.CreditsesameTest"/>
  <testcase name="Desktop" time="114.302" classname="org.testcases.CreditsesameTest"/>
</testsuite> <!-- org.testcases.CreditsesameTest -->
