<?xml version="1.0" encoding="UTF-8"?>
<!-- Generated by org.testng.reporters.JUnitReportReporter -->
<testsuite hostname="QMP8078FC" name="org.testcases.APIPost" tests="1" failures="0" timestamp="25 Apr 2019 21:09:22 GMT" time="40.827" errors="0">
  <testcase name="succesTest" time="40.827" classname="org.testcases.APIPost"/>
</testsuite> <!-- org.testcases.APIPost -->
